<?xml version="1.0" encoding="utf-8"?><testsuites name="pytest tests"><testsuite name="pytest" errors="0" failures="0" skipped="0" tests="31" time="2.647" timestamp="2026-06-07T23:08:00.408209+00:00" hostname="agent-env-37dfc5d2-e105-4393-aa47-554e7ba6602f"><testcase classname="backend.tests.test_auracontrol_api.TestHealth" name="test_root_ok" time="0.152" /><testcase classname="backend.tests.test_auracontrol_api.TestCommands" name="test_create_command" time="0.052" /><testcase classname="backend.tests.test_auracontrol_api.TestCommands" name="test_get_command_persisted" time="0.053" /><testcase classname="backend.tests.test_auracontrol_api.TestCommands" name="test_list_commands" time="0.054" /><testcase classname="backend.tests.test_auracontrol_api.TestCommands" name="test_list_commands_filtered" time="0.059" /><testcase classname="backend.tests.test_auracontrol_api.TestCommands" name="test_update_command" time="0.109" /><testcase classname="backend.tests.test_auracontrol_api.TestCommands" name="test_get_missing_command_404" time="0.053" /><testcase classname="backend.tests.test_auracontrol_api.TestBindings" name="test_create_command_for_binding" time="0.051" /><testcase classname="backend.tests.test_auracontrol_api.TestBindings" name="test_set_binding" time="0.065" /><testcase classname="backend.tests.test_auracontrol_api.TestBindings" name="test_get_bindings" time="0.054" /><testcase classname="backend.tests.test_auracontrol_api.TestBindings" name="test_delete_command_removes_binding" time="0.112" /><testcase classname="backend.tests.test_auracontrol_api.TestBindings" name="test_delete_binding_manual" time="0.261" /><testcase classname="backend.tests.test_auracontrol_api.TestProfiles" name="test_seed_profiles_exist" time="0.058" /><testcase classname="backend.tests.test_auracontrol_api.TestProfiles" name="test_delete_default_profile_blocked" time="0.066" /><testcase classname="backend.tests.test_auracontrol_api.TestProfiles" name="test_create_user_profile" time="0.064" /><testcase classname="backend.tests.test_auracontrol_api.TestProfiles" name="test_activate_profile_single_active" time="0.109" /><testcase classname="backend.tests.test_auracontrol_api.TestProfiles" name="test_update_profile" time="0.069" /><testcase classname="backend.tests.test_auracontrol_api.TestProfiles" name="test_delete_user_profile" time="0.158" /><testcase classname="backend.tests.test_auracontrol_api.TestDevices" name="test_upsert_device" time="0.072" /><testcase classname="backend.tests.test_auracontrol_api.TestDevices" name="test_upsert_idempotent" time="0.059" /><testcase classname="backend.tests.test_auracontrol_api.TestDevices" name="test_get_device" time="0.054" /><testcase classname="backend.tests.test_auracontrol_api.TestDevices" name="test_list_devices" time="0.053" /><testcase classname="backend.tests.test_auracontrol_api.TestDevices" name="test_delete_device" time="0.106" /><testcase classname="backend.tests.test_auracontrol_api.TestLogs" name="test_create_log" time="0.066" /><testcase classname="backend.tests.test_auracontrol_api.TestLogs" name="test_list_logs" time="0.068" /><testcase classname="backend.tests.test_auracontrol_api.TestLogs" name="test_clear_logs" time="0.123" /><testcase classname="backend.tests.test_auracontrol_api.TestMacros" name="test_create_macro" time="0.064" /><testcase classname="backend.tests.test_auracontrol_api.TestMacros" name="test_list_macros" time="0.056" /><testcase classname="backend.tests.test_auracontrol_api.TestMacros" name="test_update_macro" time="0.059" /><testcase classname="backend.tests.test_auracontrol_api.TestMacros" name="test_delete_macro" time="0.059" /><testcase classname="backend.tests.test_auracontrol_api" name="test_zz_cleanup_test_commands" time="0.113" /></testsuite></testsuites>